{"level":"info","message":"Connecting to:"}
{"message":"Database connected","level":"info"}
{"message":"loading db models.","level":"info"}
{"message":"Started server on port 3000","level":"info"}
{"level":"info","message":"Connecting to:"}
{"message":"Database connected","level":"info"}
{"message":"loading db models.","level":"info"}
{"message":"Started server on port 3000","level":"info"}
{"level":"info","message":"Connecting to:"}
{"message":"Database connected","level":"info"}
{"message":"loading db models.","level":"info"}
{"message":"Started server on port 3000","level":"info"}
{"level":"info","message":"Connecting to:"}
{"level":"info","message":"Connecting to:"}
{"message":"Database connected","level":"info"}
{"message":"loading db models.","level":"info"}
{"message":"Started server on port 3000","level":"info"}
{"level":"info","message":"Connecting to:"}
{"message":"Database connected","level":"info"}
{"message":"loading db models.","level":"info"}
{"message":"Started server on port 3000","level":"info"}
{"level":"info","message":"Connecting to:"}
{"message":"Database connected","level":"info"}
{"message":"loading db models.","level":"info"}
{"message":"Started server on port 3000","level":"info"}
{"level":"info","message":"Connecting to:"}
{"message":"Database connected","level":"info"}
{"message":"loading db models.","level":"info"}
{"message":"Started server on port 8080","level":"info"}
{"level":"info","message":"Connecting to:"}
{"message":"Database connected","level":"info"}
{"message":"loading db models.","level":"info"}
{"level":"info","message":"Connecting to:"}
{"message":"Database connected","level":"info"}
{"message":"loading db models.","level":"info"}
{"message":"Started server on port 8080","level":"info"}
{"level":"info","message":"Connecting to:"}
{"message":"Database connected","level":"info"}
{"message":"loading db models.","level":"info"}
{"message":"Started server on port 8080","level":"info"}
{"level":"info","message":"Connecting to:"}
{"message":"Database connected","level":"info"}
{"message":"loading db models.","level":"info"}
{"message":"Started server on port 8080","level":"info"}
{"level":"info","message":"Connecting to:"}
{"message":"Database connected","level":"info"}
{"message":"loading db models.","level":"info"}
{"message":"Started server on port 8080","level":"info"}
{"level":"info","message":"Connecting to:"}
{"message":"Database connected","level":"info"}
{"message":"loading db models.","level":"info"}
{"message":"Started server on port 8080","level":"info"}
{"level":"info","message":"Connecting to:"}
{"message":"Database connected","level":"info"}
{"message":"loading db models.","level":"info"}
{"message":"Started server on port 8080","level":"info"}
{"level":"info","message":"Connecting to:"}
{"message":"Database connected","level":"info"}
{"message":"loading db models.","level":"info"}
{"message":"Started server on port 8080","level":"info"}
{"level":"info","message":"Connecting to:"}
{"message":"Database connected","level":"info"}
{"message":"loading db models.","level":"info"}
{"message":"Started server on port 8080","level":"info"}
{"level":"info","message":"Connecting to:"}
{"message":"Database connected","level":"info"}
{"message":"loading db models.","level":"info"}
{"message":"Started server on port 8080","level":"info"}
{"level":"info","message":"Connecting to:"}
{"message":"Database connected","level":"info"}
{"message":"loading db models.","level":"info"}
{"message":"Started server on port 8080","level":"info"}
{"level":"info","message":"Connecting to:"}
{"message":"Database connected","level":"info"}
{"message":"loading db models.","level":"info"}
{"message":"Started server on port 8080","level":"info"}
{"level":"info","message":"Connecting to:"}
{"message":"Database connected","level":"info"}
{"message":"loading db models.","level":"info"}
{"message":"Started server on port 8080","level":"info"}
{"level":"info","message":"Connecting to:"}
{"message":"Database connected","level":"info"}
{"message":"loading db models.","level":"info"}
{"message":"Started server on port 8080","level":"info"}
{"level":"info","message":"Connecting to:"}
{"message":"Database connected","level":"info"}
{"message":"loading db models.","level":"info"}
{"message":"Started server on port 8080","level":"info"}
{"level":"info","message":"Connecting to:"}
{"message":"Database connected","level":"info"}
{"message":"loading db models.","level":"info"}
{"message":"Started server on port 8080","level":"info"}
{"level":"info","message":"Connecting to:"}
{"message":"Database connected","level":"info"}
{"message":"loading db models.","level":"info"}
{"message":"Started server on port 8080","level":"info"}
{"level":"info","message":"Connecting to:"}
{"message":"Database connected","level":"info"}
{"message":"loading db models.","level":"info"}
{"message":"Started server on port 8080","level":"info"}
{"level":"info","message":"Connecting to:"}
{"message":"Database connected","level":"info"}
{"message":"loading db models.","level":"info"}
{"message":"Started server on port 8080","level":"info"}
{"level":"info","message":"Connecting to:"}
{"message":"Database connected","level":"info"}
{"message":"loading db models.","level":"info"}
{"message":"Started server on port 8080","level":"info"}
{"level":"info","message":"Connecting to:"}
{"message":"Database connected","level":"info"}
{"message":"loading db models.","level":"info"}
{"message":"Started server on port 8080","level":"info"}
{"level":"info","message":"Connecting to:"}
{"message":"Database connected","level":"info"}
{"message":"loading db models.","level":"info"}
{"message":"Started server on port 8080","level":"info"}
{"level":"info","message":"Connecting to:"}
{"message":"Database connected","level":"info"}
{"message":"loading db models.","level":"info"}
{"message":"Started server on port 8080","level":"info"}
{"level":"info","message":"Connecting to:"}
{"message":"Database connected","level":"info"}
{"message":"loading db models.","level":"info"}
{"message":"Started server on port 8080","level":"info"}
{"level":"info","message":"Connecting to:"}
{"message":"Database connected","level":"info"}
{"message":"loading db models.","level":"info"}
{"message":"Started server on port 8080","level":"info"}
{"level":"info","message":"Connecting to:"}
{"message":"Database connected","level":"info"}
{"message":"loading db models.","level":"info"}
{"message":"Started server on port 8080","level":"info"}
{"level":"info","message":"Connecting to:"}
{"message":"Database connected","level":"info"}
{"message":"loading db models.","level":"info"}
{"message":"Started server on port 8080","level":"info"}
{"level":"info","message":"Connecting to:"}
{"message":"Database connected","level":"info"}
{"message":"loading db models.","level":"info"}
{"message":"Started server on port 8080","level":"info"}
{"level":"info","message":"Connecting to:"}
{"message":"Database connected","level":"info"}
{"message":"loading db models.","level":"info"}
{"message":"Started server on port 8080","level":"info"}
{"level":"info","message":"Connecting to:"}
{"message":"Database connected","level":"info"}
{"message":"loading db models.","level":"info"}
{"message":"Started server on port 8080","level":"info"}
{"level":"info","message":"Connecting to:"}
{"message":"Database connected","level":"info"}
{"message":"loading db models.","level":"info"}
{"message":"Started server on port 8080","level":"info"}
{"level":"info","message":"Connecting to:"}
{"message":"Database connected","level":"info"}
{"message":"loading db models.","level":"info"}
{"message":"Started server on port 8080","level":"info"}
{"level":"info","message":"Connecting to:"}
{"message":"Database connected","level":"info"}
{"message":"loading db models.","level":"info"}
{"message":"Started server on port 8080","level":"info"}
{"level":"info","message":"Connecting to:"}
{"message":"Database connected","level":"info"}
{"message":"loading db models.","level":"info"}
{"message":"Started server on port 8080","level":"info"}
{"level":"info","message":"Connecting to:"}
{"message":"Database connected","level":"info"}
{"message":"loading db models.","level":"info"}
{"message":"Started server on port 8080","level":"info"}
{"level":"info","message":"Connecting to:"}
{"message":"Database connected","level":"info"}
{"message":"loading db models.","level":"info"}
{"message":"Started server on port 8080","level":"info"}
{"level":"info","message":"Connecting to:"}
{"message":"Database connected","level":"info"}
{"message":"loading db models.","level":"info"}
{"message":"Started server on port 8080","level":"info"}
{"level":"info","message":"Connecting to:"}
{"message":"Database connected","level":"info"}
{"message":"loading db models.","level":"info"}
{"message":"Started server on port 8080","level":"info"}
{"level":"info","message":"Connecting to:"}
{"message":"Database connected","level":"info"}
{"message":"loading db models.","level":"info"}
{"message":"Started server on port 8080","level":"info"}
{"level":"info","message":"Connecting to:"}
{"message":"Database connected","level":"info"}
{"message":"loading db models.","level":"info"}
{"message":"Started server on port 8080","level":"info"}
{"level":"info","message":"Connecting to:"}
{"message":"Database connected","level":"info"}
{"message":"loading db models.","level":"info"}
{"message":"Started server on port 8080","level":"info"}
{"level":"info","message":"Connecting to:"}
{"message":"Database connected","level":"info"}
{"message":"loading db models.","level":"info"}
{"message":"Started server on port 8080","level":"info"}
{"level":"info","message":"Connecting to:"}
{"message":"Database connected","level":"info"}
{"message":"loading db models.","level":"info"}
{"message":"Started server on port 8080","level":"info"}
{"level":"info","message":"Connecting to:"}
{"message":"Database connected","level":"info"}
{"message":"loading db models.","level":"info"}
{"message":"Started server on port 8080","level":"info"}
{"level":"info","message":"Connecting to:"}
{"message":"Database connected","level":"info"}
{"message":"loading db models.","level":"info"}
{"message":"Started server on port 8080","level":"info"}
{"level":"info","message":"Connecting to:"}
{"message":"Database connected","level":"info"}
{"message":"loading db models.","level":"info"}
{"message":"Started server on port 8080","level":"info"}
{"level":"info","message":"Connecting to:"}
{"message":"Database connected","level":"info"}
{"message":"loading db models.","level":"info"}
{"message":"Started server on port 8080","level":"info"}
{"level":"info","message":"Connecting to:"}
{"message":"Database connected","level":"info"}
{"message":"loading db models.","level":"info"}
{"message":"Started server on port 8080","level":"info"}
{"level":"info","message":"Connecting to:"}
{"message":"Database connected","level":"info"}
{"message":"loading db models.","level":"info"}
{"message":"Started server on port 8080","level":"info"}
{"level":"info","message":"Connecting to:"}
{"message":"Database connected","level":"info"}
{"message":"loading db models.","level":"info"}
{"message":"Started server on port 8080","level":"info"}
{"level":"info","message":"Connecting to:"}
{"message":"Database connected","level":"info"}
{"message":"loading db models.","level":"info"}
{"message":"Started server on port 8080","level":"info"}
{"level":"info","message":"Connecting to:"}
{"message":"Database connected","level":"info"}
{"message":"loading db models.","level":"info"}
{"message":"Started server on port 8080","level":"info"}
{"level":"info","message":"Connecting to:"}
{"message":"Database connected","level":"info"}
{"message":"loading db models.","level":"info"}
{"message":"Started server on port 8080","level":"info"}
{"level":"info","message":"Connecting to:"}
{"message":"Database connected","level":"info"}
{"message":"loading db models.","level":"info"}
{"message":"Started server on port 8080","level":"info"}
{"level":"info","message":"Connecting to:"}
{"message":"Database connected","level":"info"}
{"message":"loading db models.","level":"info"}
{"message":"Started server on port 8080","level":"info"}
{"level":"info","message":"Connecting to:"}
{"message":"Database connected","level":"info"}
{"message":"loading db models.","level":"info"}
{"message":"Started server on port 8080","level":"info"}
{"level":"info","message":"Connecting to:"}
{"message":"Database connected","level":"info"}
{"message":"loading db models.","level":"info"}
{"message":"Started server on port 8080","level":"info"}
{"level":"info","message":"Connecting to:"}
{"message":"Database connected","level":"info"}
{"message":"loading db models.","level":"info"}
{"message":"Started server on port 8080","level":"info"}
{"level":"info","message":"Connecting to:"}
{"message":"Database connected","level":"info"}
{"message":"loading db models.","level":"info"}
{"message":"Started server on port 8080","level":"info"}
{"level":"info","message":"Connecting to:"}
{"message":"Database connected","level":"info"}
{"message":"loading db models.","level":"info"}
{"message":"Started server on port 8080","level":"info"}
{"level":"info","message":"Connecting to:"}
{"message":"Database connected","level":"info"}
{"message":"loading db models.","level":"info"}
{"message":"Started server on port 8080","level":"info"}
{"level":"info","message":"Connecting to:"}
{"message":"Database connected","level":"info"}
{"message":"loading db models.","level":"info"}
{"message":"Started server on port 8080","level":"info"}
{"level":"info","message":"Connecting to:"}
{"message":"Database connected","level":"info"}
{"message":"loading db models.","level":"info"}
{"message":"Started server on port 8080","level":"info"}
{"level":"info","message":"Connecting to:"}
{"message":"Database connected","level":"info"}
{"message":"loading db models.","level":"info"}
{"message":"Started server on port 8080","level":"info"}
{"level":"info","message":"Connecting to:"}
{"message":"Database connected","level":"info"}
{"message":"loading db models.","level":"info"}
{"message":"Started server on port 8080","level":"info"}
{"level":"info","message":"Connecting to:"}
{"message":"Database connected","level":"info"}
{"message":"loading db models.","level":"info"}
{"message":"Started server on port 8080","level":"info"}
{"level":"info","message":"Connecting to:"}
{"message":"Database connected","level":"info"}
{"message":"loading db models.","level":"info"}
{"message":"Started server on port 8080","level":"info"}
{"level":"info","message":"Connecting to:"}
{"message":"Database connected","level":"info"}
{"message":"loading db models.","level":"info"}
{"message":"Started server on port 8080","level":"info"}
{"level":"info","message":"Connecting to:"}
{"message":"Database connected","level":"info"}
{"message":"loading db models.","level":"info"}
{"message":"Started server on port 8080","level":"info"}
{"level":"info","message":"Connecting to:"}
{"message":"Database connected","level":"info"}
{"message":"loading db models.","level":"info"}
{"message":"Started server on port 8080","level":"info"}
{"level":"info","message":"Connecting to:"}
{"message":"Database connected","level":"info"}
{"message":"loading db models.","level":"info"}
{"message":"Started server on port 8080","level":"info"}
{"level":"info","message":"Connecting to:"}
{"message":"Database connected","level":"info"}
{"message":"loading db models.","level":"info"}
{"message":"Started server on port 8080","level":"info"}
{"level":"info","message":"Connecting to:"}
{"message":"Database connected","level":"info"}
{"message":"loading db models.","level":"info"}
{"message":"Started server on port 8080","level":"info"}
{"level":"info","message":"Connecting to:"}
{"message":"Database connected","level":"info"}
{"message":"loading db models.","level":"info"}
{"message":"Started server on port 8080","level":"info"}
{"level":"info","message":"Connecting to:"}
{"message":"Database connected","level":"info"}
{"message":"loading db models.","level":"info"}
{"message":"Started server on port 8080","level":"info"}
{"message":"Successful inserted starShip into Collection","level":"info"}
{"message":"Multiple documents inserted to People collection","level":"info"}
{"level":"info","message":"Connecting to:"}
{"message":"Database connected","level":"info"}
{"message":"loading db models.","level":"info"}
{"message":"Started server on port 8080","level":"info"}
{"message":"Successful inserted starShip into Collection","level":"info"}
{"message":"Multiple documents inserted to People collection","level":"info"}
{"level":"info","message":"Connecting to:"}
{"message":"Database connected","level":"info"}
{"message":"loading db models.","level":"info"}
{"message":"Started server on port 8080","level":"info"}
